<?xml version="1.0" encoding="UTF-8"?>
<testng-results ignored="0" total="1" passed="1" failed="0" skipped="0">
  <reporter-output>
  </reporter-output>
  <suite started-at="2023-08-05T12:53:36 IST" name="Default suite" finished-at="2023-08-05T12:53:44 IST" duration-ms="7803">
    <groups>
    </groups>
    <test started-at="2023-08-05T12:53:36 IST" name="Default test" finished-at="2023-08-05T12:53:44 IST" duration-ms="7803">
      <class name="test.runMe.InvalidLoginProcess">
        <test-method is-config="true" signature="loginpage()[pri:0, instance:test.runMe.InvalidLoginProcess@1ff4931d]" started-at="2023-08-05T12:53:36 IST" name="loginpage" finished-at="2023-08-05T12:53:39 IST" duration-ms="3269" status="PASS">
          <reporter-output>
          </reporter-output>
        </test-method> <!-- loginpage -->
        <test-method signature="verifyInvalidErrorMessage()[pri:0, instance:test.runMe.InvalidLoginProcess@1ff4931d]" started-at="2023-08-05T12:53:39 IST" name="verifyInvalidErrorMessage" finished-at="2023-08-05T12:53:43 IST" duration-ms="4145" status="PASS">
          <reporter-output>
          </reporter-output>
        </test-method> <!-- verifyInvalidErrorMessage -->
        <test-method is-config="true" signature="closebrowser()[pri:0, instance:test.runMe.InvalidLoginProcess@1ff4931d]" started-at="2023-08-05T12:53:43 IST" name="closebrowser" finished-at="2023-08-05T12:53:44 IST" duration-ms="308" status="PASS">
          <reporter-output>
          </reporter-output>
        </test-method> <!-- closebrowser -->
      </class> <!-- test.runMe.InvalidLoginProcess -->
    </test> <!-- Default test -->
  </suite> <!-- Default suite -->
</testng-results>
